
============================================================
 MSQECC EMPIRICAL VERIFICATION SUITE: SPARC DATASET
============================================================
[+] Successfully loaded 171 high-resolution galaxies.
[+] Fixed Theoretical Gas Coherence Weight (k) = 9.575
[+] Free Parameters per individual galaxy        = 0
[+] Total Universal Scale Parameters configured  = 1 (C)
------------------------------------------------------------
[+] Executing global holographic optimization map...
------------------------------------------------------------
[*] Optimal Universal Scale Constant (C): 0.005281
[*] Total Sum of Squares (Data Variance): 25964478.67
[*] Residual Sum of Squares (Error):      4661866.37
[*] GLOBAL VARIANCE CAPTURE (R^2):        82.05%
============================================================

[!] IDENTIFIED NOISE LIMIT: 17.95%
    This residual variance is classified as Environment Boundary Terms.
    According to MSQECC, deviations correlate with local cosmic web
    density (cluster entanglement stress vs field isolation).
    This constitutes the primary falsifiable prediction for JWST-era
    surveys.

[+] Verification suite completed unconditionally.
